  Renderer.cpp
C:\Users\김준호\Desktop\1학기\ShaderProgramming\ShaderProject\BaseProject\SimpleGame\Renderer.cpp(72,17): warning C4305: '초기화 중': 'double'에서 'float'(으)로 잘립니다.
  (소스 파일 '/Renderer.cpp'을(를) 컴파일하는 중)
  
C:\Users\김준호\Desktop\1학기\ShaderProgramming\ShaderProject\BaseProject\SimpleGame\Renderer.cpp(132,55): warning C4305: '인수': 'double'에서 '_Ty'(으)로 잘립니다.
C:\Users\김준호\Desktop\1학기\ShaderProgramming\ShaderProject\BaseProject\SimpleGame\Renderer.cpp(132,55): warning C4305:         with
C:\Users\김준호\Desktop\1학기\ShaderProgramming\ShaderProject\BaseProject\SimpleGame\Renderer.cpp(132,55): warning C4305:         [
C:\Users\김준호\Desktop\1학기\ShaderProgramming\ShaderProject\BaseProject\SimpleGame\Renderer.cpp(132,55): warning C4305:             _Ty=float
C:\Users\김준호\Desktop\1학기\ShaderProgramming\ShaderProject\BaseProject\SimpleGame\Renderer.cpp(132,55): warning C4305:         ]
  (소스 파일 '/Renderer.cpp'을(를) 컴파일하는 중)
  
C:\Users\김준호\Desktop\1학기\ShaderProgramming\ShaderProject\BaseProject\SimpleGame\Renderer.cpp(132,49): warning C4305: '인수': 'double'에서 '_Ty'(으)로 잘립니다.
C:\Users\김준호\Desktop\1학기\ShaderProgramming\ShaderProject\BaseProject\SimpleGame\Renderer.cpp(132,49): warning C4305:         with
C:\Users\김준호\Desktop\1학기\ShaderProgramming\ShaderProject\BaseProject\SimpleGame\Renderer.cpp(132,49): warning C4305:         [
C:\Users\김준호\Desktop\1학기\ShaderProgramming\ShaderProject\BaseProject\SimpleGame\Renderer.cpp(132,49): warning C4305:             _Ty=float
C:\Users\김준호\Desktop\1학기\ShaderProgramming\ShaderProject\BaseProject\SimpleGame\Renderer.cpp(132,49): warning C4305:         ]
  (소스 파일 '/Renderer.cpp'을(를) 컴파일하는 중)
  
C:\Users\김준호\Desktop\1학기\ShaderProgramming\ShaderProject\BaseProject\SimpleGame\Renderer.cpp(139,20): warning C4018: '<': signed 또는 unsigned가 일치하지 않습니다.
  (소스 파일 '/Renderer.cpp'을(를) 컴파일하는 중)
  
C:\Users\김준호\Desktop\1학기\ShaderProgramming\ShaderProject\BaseProject\SimpleGame\Renderer.cpp(168,21): warning C4267: '=': 'size_t'에서 'GLint'(으)로 변환하면서 데이터가 손실될 수 있습니다.
  (소스 파일 '/Renderer.cpp'을(를) 컴파일하는 중)
  
C:\Users\김준호\Desktop\1학기\ShaderProgramming\ShaderProject\BaseProject\SimpleGame\Renderer.cpp(293,12): warning C4305: '+=': 'double'에서 'float'(으)로 잘립니다.
  (소스 파일 '/Renderer.cpp'을(를) 컴파일하는 중)
  
C:\Users\김준호\Desktop\1학기\ShaderProgramming\ShaderProject\BaseProject\SimpleGame\Renderer.cpp(326,12): warning C4305: '+=': 'double'에서 'float'(으)로 잘립니다.
  (소스 파일 '/Renderer.cpp'을(를) 컴파일하는 중)
  
  SimpleGame.vcxproj -> C:\Users\김준호\Desktop\1학기\ShaderProgramming\ShaderProject\BaseProject\x64\Debug\SimpleGame.exe
